<component name="libraryTable">
  <library name="junit_4_11">
    <CLASSES>
      <root url="jar://$PROJECT_DIR$/tools/junit_4_11/junit-4.11.jar!/" />
      <root url="jar://$PROJECT_DIR$/tools/junit_4_11/hamcrest-core-1.3.jar!/" />
    </CLASSES>
    <JAVADOC />
    <SOURCES />
  </library>
</component>